mode: set
student-management-system/store/student/mysql.go:14.28,16.2 1 1
student-management-system/store/student/mysql.go:18.67,24.16 4 1
student-management-system/store/student/mysql.go:28.2,30.18 2 1
student-management-system/store/student/mysql.go:43.2,43.22 1 1
student-management-system/store/student/mysql.go:24.16,26.3 1 1
student-management-system/store/student/mysql.go:30.18,36.17 3 1
student-management-system/store/student/mysql.go:40.3,40.39 1 1
student-management-system/store/student/mysql.go:36.17,38.4 1 0
student-management-system/store/student/mysql.go:46.77,54.16 4 1
student-management-system/store/student/mysql.go:58.2,58.21 1 1
student-management-system/store/student/mysql.go:54.16,56.3 1 1
student-management-system/store/student/mysql.go:61.113,67.16 4 1
student-management-system/store/student/mysql.go:71.2,73.18 2 1
student-management-system/store/student/mysql.go:86.2,86.22 1 1
student-management-system/store/student/mysql.go:67.16,69.3 1 1
student-management-system/store/student/mysql.go:73.18,79.17 3 1
student-management-system/store/student/mysql.go:83.3,83.39 1 1
student-management-system/store/student/mysql.go:79.17,81.4 1 0
student-management-system/store/student/mysql.go:89.96,95.16 4 1
student-management-system/store/student/mysql.go:99.2,101.18 2 1
student-management-system/store/student/mysql.go:114.2,114.22 1 1
student-management-system/store/student/mysql.go:95.16,97.3 1 1
student-management-system/store/student/mysql.go:101.18,107.17 3 1
student-management-system/store/student/mysql.go:111.3,111.39 1 1
student-management-system/store/student/mysql.go:107.17,109.4 1 0
student-management-system/store/student/mysql.go:117.94,123.16 4 1
student-management-system/store/student/mysql.go:127.2,129.18 2 1
student-management-system/store/student/mysql.go:142.2,142.22 1 1
student-management-system/store/student/mysql.go:123.16,125.3 1 1
student-management-system/store/student/mysql.go:129.18,135.17 3 1
student-management-system/store/student/mysql.go:139.3,139.39 1 1
student-management-system/store/student/mysql.go:135.17,137.4 1 0
student-management-system/store/student/mysql.go:145.91,153.16 3 1
student-management-system/store/student/mysql.go:157.2,158.16 2 1
student-management-system/store/student/mysql.go:162.2,164.22 2 1
student-management-system/store/student/mysql.go:153.16,155.3 1 1
student-management-system/store/student/mysql.go:158.16,160.3 1 0
