mode: set
student-management-system/service/student/service.go:17.35,19.2 1 1
student-management-system/service/student/service.go:21.92,22.44 1 1
student-management-system/service/student/service.go:26.2,27.16 2 1
student-management-system/service/student/service.go:31.2,31.26 1 1
student-management-system/service/student/service.go:37.2,37.37 1 1
student-management-system/service/student/service.go:22.44,24.3 1 1
student-management-system/service/student/service.go:27.16,29.3 1 1
student-management-system/service/student/service.go:31.26,32.40 1 1
student-management-system/service/student/service.go:32.40,34.4 1 1
student-management-system/service/student/service.go:40.46,45.2 1 1
student-management-system/service/student/service.go:47.47,48.9 1 1
student-management-system/service/student/service.go:49.42,50.42 1 1
student-management-system/service/student/service.go:51.66,52.41 1 1
student-management-system/service/student/service.go:53.60,54.38 1 1
student-management-system/service/student/service.go:55.51,56.35 1 1
student-management-system/service/student/service.go:57.78,58.45 1 1
student-management-system/service/student/service.go:59.46,60.43 1 1
student-management-system/service/student/service.go:61.72,62.43 1 1
student-management-system/service/student/service.go:63.72,64.43 1 1
student-management-system/service/student/service.go:65.50,66.46 1 1
student-management-system/service/student/service.go:67.90,68.49 1 1
student-management-system/service/student/service.go:69.90,70.49 1 1
student-management-system/service/student/service.go:71.77,72.45 1 1
student-management-system/service/student/service.go:73.10,74.13 1 1
student-management-system/service/student/service.go:78.38,80.2 1 1
student-management-system/service/student/service.go:82.44,83.21 1 1
student-management-system/service/student/service.go:87.2,87.34 1 1
student-management-system/service/student/service.go:93.2,93.13 1 1
student-management-system/service/student/service.go:83.21,85.3 1 1
student-management-system/service/student/service.go:87.34,88.71 1 1
student-management-system/service/student/service.go:88.71,90.4 1 1
student-management-system/service/student/service.go:96.48,97.23 1 1
student-management-system/service/student/service.go:101.2,101.36 1 1
student-management-system/service/student/service.go:107.2,107.13 1 1
student-management-system/service/student/service.go:97.23,99.3 1 1
student-management-system/service/student/service.go:101.36,102.71 1 1
student-management-system/service/student/service.go:102.71,104.4 1 1
student-management-system/service/student/service.go:110.42,111.33 1 1
student-management-system/service/student/service.go:117.2,117.13 1 1
student-management-system/service/student/service.go:111.33,112.71 1 1
student-management-system/service/student/service.go:112.71,114.4 1 1
student-management-system/service/student/service.go:120.32,122.16 2 1
student-management-system/service/student/service.go:126.2,126.23 1 1
student-management-system/service/student/service.go:130.2,131.16 2 1
student-management-system/service/student/service.go:135.2,135.23 1 1
student-management-system/service/student/service.go:139.2,140.16 2 1
student-management-system/service/student/service.go:144.2,144.32 1 1
student-management-system/service/student/service.go:148.2,148.47 1 1
student-management-system/service/student/service.go:156.2,156.13 1 1
student-management-system/service/student/service.go:122.16,124.3 1 1
student-management-system/service/student/service.go:126.23,128.3 1 1
student-management-system/service/student/service.go:131.16,133.3 1 1
student-management-system/service/student/service.go:135.23,137.3 1 1
student-management-system/service/student/service.go:140.16,142.3 1 1
student-management-system/service/student/service.go:144.32,146.3 1 1
student-management-system/service/student/service.go:148.47,149.15 1 1
student-management-system/service/student/service.go:153.3,153.15 1 1
student-management-system/service/student/service.go:149.15,151.4 1 1
student-management-system/service/student/service.go:159.50,160.37 1 1
student-management-system/service/student/service.go:166.2,166.13 1 1
student-management-system/service/student/service.go:160.37,161.71 1 1
student-management-system/service/student/service.go:161.71,163.4 1 1
student-management-system/service/student/service.go:169.46,170.35 1 1
student-management-system/service/student/service.go:176.2,176.13 1 1
student-management-system/service/student/service.go:170.35,171.71 1 1
student-management-system/service/student/service.go:171.71,173.4 1 1
student-management-system/service/student/service.go:179.46,180.35 1 1
student-management-system/service/student/service.go:186.2,186.13 1 1
student-management-system/service/student/service.go:180.35,181.71 1 1
student-management-system/service/student/service.go:181.71,183.4 1 1
student-management-system/service/student/service.go:189.58,190.41 1 1
student-management-system/service/student/service.go:196.2,196.13 1 1
student-management-system/service/student/service.go:190.41,191.71 1 1
student-management-system/service/student/service.go:191.71,193.4 1 1
student-management-system/service/student/service.go:199.58,200.41 1 1
student-management-system/service/student/service.go:206.2,206.13 1 1
student-management-system/service/student/service.go:200.41,201.71 1 1
student-management-system/service/student/service.go:201.71,203.4 1 1
student-management-system/service/student/service.go:209.47,211.2 1 1
student-management-system/service/student/service.go:213.49,216.27 2 1
student-management-system/service/student/service.go:220.2,220.13 1 1
student-management-system/service/student/service.go:216.27,218.3 1 1
