mode: set
student-management-system/service/student/service.go:17.35,19.2 1 1
student-management-system/service/student/service.go:21.93,22.44 1 1
student-management-system/service/student/service.go:26.2,27.16 2 1
student-management-system/service/student/service.go:31.2,31.26 1 1
student-management-system/service/student/service.go:37.2,37.37 1 1
student-management-system/service/student/service.go:22.44,24.3 1 1
student-management-system/service/student/service.go:27.16,29.3 1 1
student-management-system/service/student/service.go:31.26,32.41 1 1
student-management-system/service/student/service.go:32.41,34.4 1 1
student-management-system/service/student/service.go:40.97,41.39 1 1
student-management-system/service/student/service.go:50.2,50.21 1 1
student-management-system/service/student/service.go:59.2,59.20 1 1
student-management-system/service/student/service.go:68.2,68.48 1 1
student-management-system/service/student/service.go:41.39,43.17 2 1
student-management-system/service/student/service.go:47.3,47.23 1 1
student-management-system/service/student/service.go:43.17,45.4 1 1
student-management-system/service/student/service.go:50.21,52.17 2 1
student-management-system/service/student/service.go:56.3,56.23 1 1
student-management-system/service/student/service.go:52.17,54.4 1 1
student-management-system/service/student/service.go:59.20,61.17 2 1
student-management-system/service/student/service.go:65.3,65.23 1 1
student-management-system/service/student/service.go:61.17,63.4 1 1
student-management-system/service/student/service.go:71.79,73.16 2 1
student-management-system/service/student/service.go:77.2,77.21 1 1
student-management-system/service/student/service.go:73.16,75.3 1 1
student-management-system/service/student/service.go:80.60,82.16 2 1
student-management-system/service/student/service.go:86.2,86.34 1 1
student-management-system/service/student/service.go:82.16,84.3 1 1
student-management-system/service/student/service.go:89.47,94.2 1 1
student-management-system/service/student/service.go:96.48,97.9 1 1
student-management-system/service/student/service.go:98.48,99.42 1 1
student-management-system/service/student/service.go:100.72,101.41 1 1
student-management-system/service/student/service.go:102.75,103.38 1 1
student-management-system/service/student/service.go:104.51,105.35 1 1
student-management-system/service/student/service.go:106.80,107.45 1 1
student-management-system/service/student/service.go:108.50,109.43 1 1
student-management-system/service/student/service.go:110.76,111.43 1 1
student-management-system/service/student/service.go:112.76,113.43 1 1
student-management-system/service/student/service.go:114.50,115.46 1 1
student-management-system/service/student/service.go:116.88,117.49 1 1
student-management-system/service/student/service.go:118.88,119.49 1 1
student-management-system/service/student/service.go:120.77,121.45 1 1
student-management-system/service/student/service.go:122.10,123.13 1 1
student-management-system/service/student/service.go:127.45,129.2 1 1
student-management-system/service/student/service.go:131.46,132.17 1 1
student-management-system/service/student/service.go:136.2,136.26 1 1
student-management-system/service/student/service.go:142.2,142.13 1 1
student-management-system/service/student/service.go:132.17,134.3 1 1
student-management-system/service/student/service.go:136.26,137.55 1 1
student-management-system/service/student/service.go:137.55,139.4 1 1
student-management-system/service/student/service.go:145.45,146.26 1 1
student-management-system/service/student/service.go:152.2,152.13 1 1
student-management-system/service/student/service.go:146.26,147.55 1 1
student-management-system/service/student/service.go:147.55,149.4 1 1
student-management-system/service/student/service.go:155.32,157.16 2 1
student-management-system/service/student/service.go:161.2,161.23 1 1
student-management-system/service/student/service.go:165.2,166.16 2 1
student-management-system/service/student/service.go:170.2,170.23 1 1
student-management-system/service/student/service.go:174.2,175.16 2 1
student-management-system/service/student/service.go:179.2,179.32 1 1
student-management-system/service/student/service.go:183.2,183.47 1 1
student-management-system/service/student/service.go:191.2,191.13 1 1
student-management-system/service/student/service.go:157.16,159.3 1 1
student-management-system/service/student/service.go:161.23,163.3 1 1
student-management-system/service/student/service.go:166.16,168.3 1 1
student-management-system/service/student/service.go:170.23,172.3 1 1
student-management-system/service/student/service.go:175.16,177.3 1 1
student-management-system/service/student/service.go:179.32,181.3 1 1
student-management-system/service/student/service.go:183.47,184.15 1 1
student-management-system/service/student/service.go:188.3,188.15 1 1
student-management-system/service/student/service.go:184.15,186.4 1 1
student-management-system/service/student/service.go:194.47,196.2 1 1
student-management-system/service/student/service.go:198.49,201.27 2 1
student-management-system/service/student/service.go:205.2,205.13 1 1
student-management-system/service/student/service.go:201.27,203.3 1 1
